#
# A fatal error has been detected by the Java Runtime Environment:
#
#  Internal Error (t:/workspace/open/src/hotspot/share/oops/generateOopMap.cpp:2162), pid=11724, tid=17420
#  fatal error: Illegal class file encountered. Try running with -Xverify:all in method detect
#
# JRE version: Java(TM) SE Runtime Environment (10.0.2+13) (build 10.0.2+13)
# Java VM: Java HotSpot(TM) 64-Bit Server VM (10.0.2+13, mixed mode, tiered, compressed oops, g1 gc, windows-amd64)
# No core dump will be written. Minidumps are not enabled by default on client versions of Windows
#
# If you would like to submit a bug report, please visit:
#   http://bugreport.java.com/bugreport/crash.jsp
#

---------------  S U M M A R Y ------------

Command Line: -Xdebug -Xnoagent -Djava.compiler=NONE -Xrunjdwp:transport=dt_socket,address=localhost:11113,server=n,suspend=y -Dfile.encoding=UTF-8 circuitSolver.CircuitDriver

Host: Intel(R) Xeon(R) CPU E3-1505M v6 @ 3.00GHz, 8 cores, 7G,  Windows 10 , 64 bit Build 18290 (10.0.18290.1000)
Time: Mon Dec 03 14:21:06 2018 ?D1¨²¡À¨º¡Á?¨º¡À?? elapsed time: 128 seconds (0d 0h 2m 8s)

---------------  T H R E A D  ---------------

Current thread (0x00000188f97f0000):  VMThread "VM Thread" [stack: 0x0000002b69400000,0x0000002b69500000] [id=17420]

Stack: [0x0000002b69400000,0x0000002b69500000]
[error occurred during error reporting (printing stack bounds), id 0xe0000000]

Native frames: (J=compiled Java code, j=interpreted, Vv=VM code, C=native code)
V  [jvm.dll+0x5a01a9]
V  [jvm.dll+0x6bcf31]
V  [jvm.dll+0x6be126]
V  [jvm.dll+0x6be715]
V  [jvm.dll+0x6be6cb]
V  [jvm.dll+0x59f993]
V  [jvm.dll+0x59fda8]
C  [ntdll.dll+0x9ee2f]
C  [ntdll.dll+0x592a]
C  [ntdll.dll+0x9db9e]
C  0x00000188e3260ead

VM_Operation (0x0000002b69eff160): GetOrSetLocal, mode: safepoint, requested by thread 0x00000188fa2dc800


---------------  P R O C E S S  ---------------

Threads class SMR info:
_java_thread_list=0x00000188fa2d9430, length=15, elements={
0x00000188d7edf000, 0x00000188f97f9000, 0x00000188f9801800, 0x00000188f9812800,
0x00000188fa0d6800, 0x00000188fa0db000, 0x00000188fa0e0000, 0x00000188fa0e4800,
0x00000188fa0e5800, 0x00000188fa0e6000, 0x00000188fa2dc800, 0x00000188fa2dd800,
0x00000188fa2de800, 0x00000188fa2e8800, 0x00000188fa301800
}

Java Threads: ( => current thread )
  0x00000188d7edf000 JavaThread "main" [_thread_blocked, id=1284, stack(0x0000002b67f00000,0x0000002b68000000)]
  0x00000188f97f9000 JavaThread "Reference Handler" daemon [_thread_blocked, id=3360, stack(0x0000002b69500000,0x0000002b69600000)]
  0x00000188f9801800 JavaThread "Finalizer" daemon [_thread_blocked, id=23420, stack(0x0000002b69600000,0x0000002b69700000)]
  0x00000188f9812800 JavaThread "Signal Dispatcher" daemon [_thread_blocked, id=11472, stack(0x0000002b69700000,0x0000002b69800000)]
  0x00000188fa0d6800 JavaThread "Attach Listener" daemon [_thread_blocked, id=20064, stack(0x0000002b69800000,0x0000002b69900000)]
  0x00000188fa0db000 JavaThread "C2 CompilerThread0" daemon [_thread_blocked, id=13668, stack(0x0000002b69900000,0x0000002b69a00000)]
  0x00000188fa0e0000 JavaThread "C2 CompilerThread1" daemon [_thread_blocked, id=18060, stack(0x0000002b69a00000,0x0000002b69b00000)]
  0x00000188fa0e4800 JavaThread "C2 CompilerThread2" daemon [_thread_blocked, id=15668, stack(0x0000002b69b00000,0x0000002b69c00000)]
  0x00000188fa0e5800 JavaThread "C1 CompilerThread3" daemon [_thread_blocked, id=20716, stack(0x0000002b69c00000,0x0000002b69d00000)]
  0x00000188fa0e6000 JavaThread "Sweeper thread" daemon [_thread_blocked, id=18156, stack(0x0000002b69d00000,0x0000002b69e00000)]
  0x00000188fa2dc800 JavaThread "JDWP Transport Listener: dt_socket" daemon [_thread_blocked, id=10144, stack(0x0000002b69e00000,0x0000002b69f00000)] _threads_hazard_ptr=0x00000188fa2d9430
  0x00000188fa2dd800 JavaThread "JDWP Event Helper Thread" daemon [_thread_blocked, id=18516, stack(0x0000002b69f00000,0x0000002b6a000000)]
  0x00000188fa2de800 JavaThread "JDWP Command Reader" daemon [_thread_in_native, id=3724, stack(0x0000002b6a000000,0x0000002b6a100000)]
  0x00000188fa2e8800 JavaThread "Service Thread" daemon [_thread_blocked, id=11000, stack(0x0000002b6a100000,0x0000002b6a200000)]
  0x00000188fa301800 JavaThread "Common-Cleaner" daemon [_thread_blocked, id=17692, stack(0x0000002b6a200000,0x0000002b6a300000)]

Other Threads:
=>0x00000188f97f0000 VMThread "VM Thread" [stack: 0x0000002b69400000,0x0000002b69500000] [id=17420]
  0x00000188fa302000 WatcherThread [stack: 0x0000002b6a300000,0x0000002b6a400000] [id=22976]
  0x00000188d7efb000 GCTaskThread "GC Thread#0" [stack: 0x0000002b68000000,0x0000002b68100000] [id=18468]
  0x00000188d7efc800 GCTaskThread "GC Thread#1" [stack: 0x0000002b68100000,0x0000002b68200000] [id=18328]
  0x00000188d7efe000 GCTaskThread "GC Thread#2" [stack: 0x0000002b68200000,0x0000002b68300000] [id=13456]
  0x00000188d7f01000 GCTaskThread "GC Thread#3" [stack: 0x0000002b68300000,0x0000002b68400000] [id=21776]
  0x00000188d7f02800 GCTaskThread "GC Thread#4" [stack: 0x0000002b68400000,0x0000002b68500000] [id=19244]
  0x00000188d7f06000 GCTaskThread "GC Thread#5" [stack: 0x0000002b68500000,0x0000002b68600000] [id=9668]
  0x00000188d7f08000 GCTaskThread "GC Thread#6" [stack: 0x0000002b68600000,0x0000002b68700000] [id=18696]
  0x00000188d7f13800 GCTaskThread "GC Thread#7" [stack: 0x0000002b68700000,0x0000002b68800000] [id=6368]
  0x00000188d7f82800 ConcurrentGCThread "G1 Main Marker" [stack: 0x0000002b68800000,0x0000002b68900000] [id=15904]
  0x00000188d7f14000 ConcurrentGCThread "G1 Conc#0" [stack: 0x0000002b68900000,0x0000002b68a00000] [id=16060]
  0x00000188d7f0f000 ConcurrentGCThread "G1 Conc#1" [stack: 0x0000002b68a00000,0x0000002b68b00000] [id=20084]
  0x00000188f9665800 ConcurrentGCThread "G1 Refine#0" [stack: 0x0000002b68b00000,0x0000002b68c00000] [id=5792]
  0x00000188f9666800 ConcurrentGCThread "G1 Refine#1" [stack: 0x0000002b68c00000,0x0000002b68d00000] [id=21232]
  0x00000188f9667800 ConcurrentGCThread "G1 Refine#2" [stack: 0x0000002b68d00000,0x0000002b68e00000] [id=18012]
  0x00000188f9668000 ConcurrentGCThread "G1 Refine#3" [stack: 0x0000002b68e00000,0x0000002b68f00000] [id=13296]
  0x00000188f966c000 ConcurrentGCThread "G1 Refine#4" [stack: 0x0000002b68f00000,0x0000002b69000000] [id=6140]
  0x00000188f9676000 ConcurrentGCThread "G1 Refine#5" [stack: 0x0000002b69000000,0x0000002b69100000] [id=13244]
  0x00000188f9679000 ConcurrentGCThread "G1 Refine#6" [stack: 0x0000002b69100000,0x0000002b69200000] [id=9776]
  0x00000188f967a000 ConcurrentGCThread "G1 Refine#7" [stack: 0x0000002b69200000,0x0000002b69300000] [id=3508]
  0x00000188f967a800 ConcurrentGCThread "G1 Young RemSet Sampling" [stack: 0x0000002b69300000,0x0000002b69400000] [id=15912]

Threads with active compile tasks:

VM state:at safepoint (normal execution)

VM Mutex/Monitor currently owned by a thread:  ([mutex/lock_event])
[0x00000188d7edd4f0] Threads_lock - owner thread: 0x00000188f97f0000

Heap address: 0x0000000086c00000, size: 1940 MB, Compressed Oops mode: 32-bit
Narrow klass base: 0x0000000000000000, Narrow klass shift: 3
Compressed class space size: 1073741824 Address: 0x0000000100000000

Heap:
 garbage-first heap   total 124928K, used 2048K [0x0000000086c00000, 0x0000000100000000)
  region size 1024K, 3 young (3072K), 0 survivors (0K)
 Metaspace       used 3989K, capacity 4566K, committed 4864K, reserved 1056768K
  class space    used 340K, capacity 390K, committed 512K, reserved 1048576K
Heap Regions: E=young(eden), S=young(survivor), O=old, HS=humongous(starts), HC=humongous(continues), CS=collection set, F=free, A=archive, TS=gc time stamp, AC=allocation context, TAMS=top-at-mark-start (previous, next)
|   0|0x0000000086c00000, 0x0000000086c00000, 0x0000000086d00000|  0%| F|  |TS  0|AC  0|TAMS 0x0000000086c00000, 0x0000000086c00000|
|   1|0x0000000086d00000, 0x0000000086d00000, 0x0000000086e00000|  0%| F|  |TS  0|AC  0|TAMS 0x0000000086d00000, 0x0000000086d00000|
|   2|0x0000000086e00000, 0x0000000086e00000, 0x0000000086f00000|  0%| F|  |TS  0|AC  0|TAMS 0x0000000086e00000, 0x0000000086e00000|
|   3|0x0000000086f00000, 0x0000000086f00000, 0x0000000087000000|  0%| F|  |TS  0|AC  0|TAMS 0x0000000086f00000, 0x0000000086f00000|
|   4|0x0000000087000000, 0x0000000087000000, 0x0000000087100000|  0%| F|  |TS  0|AC  0|TAMS 0x0000000087000000, 0x0000000087000000|
|   5|0x0000000087100000, 0x0000000087100000, 0x0000000087200000|  0%| F|  |TS  0|AC  0|TAMS 0x0000000087100000, 0x0000000087100000|
|   6|0x0000000087200000, 0x0000000087200000, 0x0000000087300000|  0%| F|  |TS  0|AC  0|TAMS 0x0000000087200000, 0x0000000087200000|
|   7|0x0000000087300000, 0x0000000087300000, 0x0000000087400000|  0%| F|  |TS  0|AC  0|TAMS 0x0000000087300000, 0x0000000087300000|
|   8|0x0000000087400000, 0x0000000087400000, 0x0000000087500000|  0%| F|  |TS  0|AC  0|TAMS 0x0000000087400000, 0x0000000087400000|
|   9|0x0000000087500000, 0x0000000087500000, 0x0000000087600000|  0%| F|  |TS  0|AC  0|TAMS 0x0000000087500000, 0x0000000087500000|
|  10|0x0000000087600000, 0x0000000087600000, 0x0000000087700000|  0%| F|  |TS  0|AC  0|TAMS 0x0000000087600000, 0x0000000087600000|
|  11|0x0000000087700000, 0x0000000087700000, 0x0000000087800000|  0%| F|  |TS  0|AC  0|TAMS 0x0000000087700000, 0x0000000087700000|
|  12|0x0000000087800000, 0x0000000087800000, 0x0000000087900000|  0%| F|  |TS  0|AC  0|TAMS 0x0000000087800000, 0x0000000087800000|
|  13|0x0000000087900000, 0x0000000087900000, 0x0000000087a00000|  0%| F|  |TS  0|AC  0|TAMS 0x0000000087900000, 0x0000000087900000|
|  14|0x0000000087a00000, 0x0000000087a00000, 0x0000000087b00000|  0%| F|  |TS  0|AC  0|TAMS 0x0000000087a00000, 0x0000000087a00000|
|  15|0x0000000087b00000, 0x0000000087b00000, 0x0000000087c00000|  0%| F|  |TS  0|AC  0|TAMS 0x0000000087b00000, 0x0000000087b00000|
|  16|0x0000000087c00000, 0x0000000087c00000, 0x0000000087d00000|  0%| F|  |TS  0|AC  0|TAMS 0x0000000087c00000, 0x0000000087c00000|
|  17|0x0000000087d00000, 0x0000000087d00000, 0x0000000087e00000|  0%| F|  |TS  0|AC  0|TAMS 0x0000000087d00000, 0x0000000087d00000|
|  18|0x0000000087e00000, 0x0000000087e00000, 0x0000000087f00000|  0%| F|  |TS  0|AC  0|TAMS 0x0000000087e00000, 0x0000000087e00000|
|  19|0x0000000087f00000, 0x0000000087f00000, 0x0000000088000000|  0%| F|  |TS  0|AC  0|TAMS 0x0000000087f00000, 0x0000000087f00000|
|  20|0x0000000088000000, 0x0000000088000000, 0x0000000088100000|  0%| F|  |TS  0|AC  0|TAMS 0x0000000088000000, 0x0000000088000000|
|  21|0x0000000088100000, 0x0000000088100000, 0x0000000088200000|  0%| F|  |TS  0|AC  0|TAMS 0x0000000088100000, 0x0000000088100000|
|  22|0x0000000088200000, 0x0000000088200000, 0x0000000088300000|  0%| F|  |TS  0|AC  0|TAMS 0x0000000088200000, 0x0000000088200000|
|  23|0x0000000088300000, 0x0000000088300000, 0x0000000088400000|  0%| F|  |TS  0|AC  0|TAMS 0x0000000088300000, 0x0000000088300000|
|  24|0x0000000088400000, 0x0000000088400000, 0x0000000088500000|  0%| F|  |TS  0|AC  0|TAMS 0x0000000088400000, 0x0000000088400000|
|  25|0x0000000088500000, 0x0000000088500000, 0x0000000088600000|  0%| F|  |TS  0|AC  0|TAMS 0x0000000088500000, 0x0000000088500000|
|  26|0x0000000088600000, 0x0000000088600000, 0x0000000088700000|  0%| F|  |TS  0|AC  0|TAMS 0x0000000088600000, 0x0000000088600000|
|  27|0x0000000088700000, 0x0000000088700000, 0x0000000088800000|  0%| F|  |TS  0|AC  0|TAMS 0x0000000088700000, 0x0000000088700000|
|  28|0x0000000088800000, 0x0000000088800000, 0x0000000088900000|  0%| F|  |TS  0|AC  0|TAMS 0x0000000088800000, 0x0000000088800000|
|  29|0x0000000088900000, 0x0000000088900000, 0x0000000088a00000|  0%| F|  |TS  0|AC  0|TAMS 0x0000000088900000, 0x0000000088900000|
|  30|0x0000000088a00000, 0x0000000088a00000, 0x0000000088b00000|  0%| F|  |TS  0|AC  0|TAMS 0x0000000088a00000, 0x0000000088a00000|
|  31|0x0000000088b00000, 0x0000000088b00000, 0x0000000088c00000|  0%| F|  |TS  0|AC  0|TAMS 0x0000000088b00000, 0x0000000088b00000|
|  32|0x0000000088c00000, 0x0000000088c00000, 0x0000000088d00000|  0%| F|  |TS  0|AC  0|TAMS 0x0000000088c00000, 0x0000000088c00000|
|  33|0x0000000088d00000, 0x0000000088d00000, 0x0000000088e00000|  0%| F|  |TS  0|AC  0|TAMS 0x0000000088d00000, 0x0000000088d00000|
|  34|0x0000000088e00000, 0x0000000088e00000, 0x0000000088f00000|  0%| F|  |TS  0|AC  0|TAMS 0x0000000088e00000, 0x0000000088e00000|
|  35|0x0000000088f00000, 0x0000000088f00000, 0x0000000089000000|  0%| F|  |TS  0|AC  0|TAMS 0x0000000088f00000, 0x0000000088f00000|
|  36|0x0000000089000000, 0x0000000089000000, 0x0000000089100000|  0%| F|  |TS  0|AC  0|TAMS 0x0000000089000000, 0x0000000089000000|
|  37|0x0000000089100000, 0x0000000089100000, 0x0000000089200000|  0%| F|  |TS  0|AC  0|TAMS 0x0000000089100000, 0x0000000089100000|
|  38|0x0000000089200000, 0x0000000089200000, 0x0000000089300000|  0%| F|  |TS  0|AC  0|TAMS 0x0000000089200000, 0x0000000089200000|
|  39|0x0000000089300000, 0x0000000089300000, 0x0000000089400000|  0%| F|  |TS  0|AC  0|TAMS 0x0000000089300000, 0x0000000089300000|
|  40|0x0000000089400000, 0x0000000089400000, 0x0000000089500000|  0%| F|  |TS  0|AC  0|TAMS 0x0000000089400000, 0x0000000089400000|
|  41|0x0000000089500000, 0x0000000089500000, 0x0000000089600000|  0%| F|  |TS  0|AC  0|TAMS 0x0000000089500000, 0x0000000089500000|
|  42|0x0000000089600000, 0x0000000089600000, 0x0000000089700000|  0%| F|  |TS  0|AC  0|TAMS 0x0000000089600000, 0x0000000089600000|
|  43|0x0000000089700000, 0x0000000089700000, 0x0000000089800000|  0%| F|  |TS  0|AC  0|TAMS 0x0000000089700000, 0x0000000089700000|
|  44|0x0000000089800000, 0x0000000089800000, 0x0000000089900000|  0%| F|  |TS  0|AC  0|TAMS 0x0000000089800000, 0x0000000089800000|
|  45|0x0000000089900000, 0x0000000089900000, 0x0000000089a00000|  0%| F|  |TS  0|AC  0|TAMS 0x0000000089900000, 0x0000000089900000|
|  46|0x0000000089a00000, 0x0000000089a00000, 0x0000000089b00000|  0%| F|  |TS  0|AC  0|TAMS 0x0000000089a00000, 0x0000000089a00000|
|  47|0x0000000089b00000, 0x0000000089b00000, 0x0000000089c00000|  0%| F|  |TS  0|AC  0|TAMS 0x0000000089b00000, 0x0000000089b00000|
|  48|0x0000000089c00000, 0x0000000089c00000, 0x0000000089d00000|  0%| F|  |TS  0|AC  0|TAMS 0x0000000089c00000, 0x0000000089c00000|
|  49|0x0000000089d00000, 0x0000000089d00000, 0x0000000089e00000|  0%| F|  |TS  0|AC  0|TAMS 0x0000000089d00000, 0x0000000089d00000|
|  50|0x0000000089e00000, 0x0000000089e00000, 0x0000000089f00000|  0%| F|  |TS  0|AC  0|TAMS 0x0000000089e00000, 0x0000000089e00000|
|  51|0x0000000089f00000, 0x0000000089f00000, 0x000000008a000000|  0%| F|  |TS  0|AC  0|TAMS 0x0000000089f00000, 0x0000000089f00000|
|  52|0x000000008a000000, 0x000000008a000000, 0x000000008a100000|  0%| F|  |TS  0|AC  0|TAMS 0x000000008a000000, 0x000000008a000000|
|  53|0x000000008a100000, 0x000000008a100000, 0x000000008a200000|  0%| F|  |TS  0|AC  0|TAMS 0x000000008a100000, 0x000000008a100000|
|  54|0x000000008a200000, 0x000000008a200000, 0x000000008a300000|  0%| F|  |TS  0|AC  0|TAMS 0x000000008a200000, 0x000000008a200000|
|  55|0x000000008a300000, 0x000000008a300000, 0x000000008a400000|  0%| F|  |TS  0|AC  0|TAMS 0x000000008a300000, 0x000000008a300000|
|  56|0x000000008a400000, 0x000000008a400000, 0x000000008a500000|  0%| F|  |TS  0|AC  0|TAMS 0x000000008a400000, 0x000000008a400000|
|  57|0x000000008a500000, 0x000000008a500000, 0x000000008a600000|  0%| F|  |TS  0|AC  0|TAMS 0x000000008a500000, 0x000000008a500000|
|  58|0x000000008a600000, 0x000000008a600000, 0x000000008a700000|  0%| F|  |TS  0|AC  0|TAMS 0x000000008a600000, 0x000000008a600000|
|  59|0x000000008a700000, 0x000000008a700000, 0x000000008a800000|  0%| F|  |TS  0|AC  0|TAMS 0x000000008a700000, 0x000000008a700000|
|  60|0x000000008a800000, 0x000000008a800000, 0x000000008a900000|  0%| F|  |TS  0|AC  0|TAMS 0x000000008a800000, 0x000000008a800000|
|  61|0x000000008a900000, 0x000000008a900000, 0x000000008aa00000|  0%| F|  |TS  0|AC  0|TAMS 0x000000008a900000, 0x000000008a900000|
|  62|0x000000008aa00000, 0x000000008aa00000, 0x000000008ab00000|  0%| F|  |TS  0|AC  0|TAMS 0x000000008aa00000, 0x000000008aa00000|
|  63|0x000000008ab00000, 0x000000008ab00000, 0x000000008ac00000|  0%| F|  |TS  0|AC  0|TAMS 0x000000008ab00000, 0x000000008ab00000|
|  64|0x000000008ac00000, 0x000000008ac00000, 0x000000008ad00000|  0%| F|  |TS  0|AC  0|TAMS 0x000000008ac00000, 0x000000008ac00000|
|  65|0x000000008ad00000, 0x000000008ad00000, 0x000000008ae00000|  0%| F|  |TS  0|AC  0|TAMS 0x000000008ad00000, 0x000000008ad00000|
|  66|0x000000008ae00000, 0x000000008ae00000, 0x000000008af00000|  0%| F|  |TS  0|AC  0|TAMS 0x000000008ae00000, 0x000000008ae00000|
|  67|0x000000008af00000, 0x000000008af00000, 0x000000008b000000|  0%| F|  |TS  0|AC  0|TAMS 0x000000008af00000, 0x000000008af00000|
|  68|0x000000008b000000, 0x000000008b000000, 0x000000008b100000|  0%| F|  |TS  0|AC  0|TAMS 0x000000008b000000, 0x000000008b000000|
|  69|0x000000008b100000, 0x000000008b100000, 0x000000008b200000|  0%| F|  |TS  0|AC  0|TAMS 0x000000008b100000, 0x000000008b100000|
|  70|0x000000008b200000, 0x000000008b200000, 0x000000008b300000|  0%| F|  |TS  0|AC  0|TAMS 0x000000008b200000, 0x000000008b200000|
|  71|0x000000008b300000, 0x000000008b300000, 0x000000008b400000|  0%| F|  |TS  0|AC  0|TAMS 0x000000008b300000, 0x000000008b300000|
|  72|0x000000008b400000, 0x000000008b400000, 0x000000008b500000|  0%| F|  |TS  0|AC  0|TAMS 0x000000008b400000, 0x000000008b400000|
|  73|0x000000008b500000, 0x000000008b500000, 0x000000008b600000|  0%| F|  |TS  0|AC  0|TAMS 0x000000008b500000, 0x000000008b500000|
|  74|0x000000008b600000, 0x000000008b600000, 0x000000008b700000|  0%| F|  |TS  0|AC  0|TAMS 0x000000008b600000, 0x000000008b600000|
|  75|0x000000008b700000, 0x000000008b700000, 0x000000008b800000|  0%| F|  |TS  0|AC  0|TAMS 0x000000008b700000, 0x000000008b700000|
|  76|0x000000008b800000, 0x000000008b800000, 0x000000008b900000|  0%| F|  |TS  0|AC  0|TAMS 0x000000008b800000, 0x000000008b800000|
|  77|0x000000008b900000, 0x000000008b900000, 0x000000008ba00000|  0%| F|  |TS  0|AC  0|TAMS 0x000000008b900000, 0x000000008b900000|
|  78|0x000000008ba00000, 0x000000008ba00000, 0x000000008bb00000|  0%| F|  |TS  0|AC  0|TAMS 0x000000008ba00000, 0x000000008ba00000|
|  79|0x000000008bb00000, 0x000000008bb00000, 0x000000008bc00000|  0%| F|  |TS  0|AC  0|TAMS 0x000000008bb00000, 0x000000008bb00000|
|  80|0x000000008bc00000, 0x000000008bc00000, 0x000000008bd00000|  0%| F|  |TS  0|AC  0|TAMS 0x000000008bc00000, 0x000000008bc00000|
|  81|0x000000008bd00000, 0x000000008bd00000, 0x000000008be00000|  0%| F|  |TS  0|AC  0|TAMS 0x000000008bd00000, 0x000000008bd00000|
|  82|0x000000008be00000, 0x000000008be00000, 0x000000008bf00000|  0%| F|  |TS  0|AC  0|TAMS 0x000000008be00000, 0x000000008be00000|
|  83|0x000000008bf00000, 0x000000008bf00000, 0x000000008c000000|  0%| F|  |TS  0|AC  0|TAMS 0x000000008bf00000, 0x000000008bf00000|
|  84|0x000000008c000000, 0x000000008c000000, 0x000000008c100000|  0%| F|  |TS  0|AC  0|TAMS 0x000000008c000000, 0x000000008c000000|
|  85|0x000000008c100000, 0x000000008c100000, 0x000000008c200000|  0%| F|  |TS  0|AC  0|TAMS 0x000000008c100000, 0x000000008c100000|
|  86|0x000000008c200000, 0x000000008c200000, 0x000000008c300000|  0%| F|  |TS  0|AC  0|TAMS 0x000000008c200000, 0x000000008c200000|
|  87|0x000000008c300000, 0x000000008c300000, 0x000000008c400000|  0%| F|  |TS  0|AC  0|TAMS 0x000000008c300000, 0x000000008c300000|
|  88|0x000000008c400000, 0x000000008c400000, 0x000000008c500000|  0%| F|  |TS  0|AC  0|TAMS 0x000000008c400000, 0x000000008c400000|
|  89|0x000000008c500000, 0x000000008c500000, 0x000000008c600000|  0%| F|  |TS  0|AC  0|TAMS 0x000000008c500000, 0x000000008c500000|
|  90|0x000000008c600000, 0x000000008c600000, 0x000000008c700000|  0%| F|  |TS  0|AC  0|TAMS 0x000000008c600000, 0x000000008c600000|
|  91|0x000000008c700000, 0x000000008c700000, 0x000000008c800000|  0%| F|  |TS  0|AC  0|TAMS 0x000000008c700000, 0x000000008c700000|
|  92|0x000000008c800000, 0x000000008c800000, 0x000000008c900000|  0%| F|  |TS  0|AC  0|TAMS 0x000000008c800000, 0x000000008c800000|
|  93|0x000000008c900000, 0x000000008c900000, 0x000000008ca00000|  0%| F|  |TS  0|AC  0|TAMS 0x000000008c900000, 0x000000008c900000|
|  94|0x000000008ca00000, 0x000000008ca00000, 0x000000008cb00000|  0%| F|  |TS  0|AC  0|TAMS 0x000000008ca00000, 0x000000008ca00000|
|  95|0x000000008cb00000, 0x000000008cb00000, 0x000000008cc00000|  0%| F|  |TS  0|AC  0|TAMS 0x000000008cb00000, 0x000000008cb00000|
|  96|0x000000008cc00000, 0x000000008cc00000, 0x000000008cd00000|  0%| F|  |TS  0|AC  0|TAMS 0x000000008cc00000, 0x000000008cc00000|
|  97|0x000000008cd00000, 0x000000008cd00000, 0x000000008ce00000|  0%| F|  |TS  0|AC  0|TAMS 0x000000008cd00000, 0x000000008cd00000|
|  98|0x000000008ce00000, 0x000000008ce00000, 0x000000008cf00000|  0%| F|  |TS  0|AC  0|TAMS 0x000000008ce00000, 0x000000008ce00000|
|  99|0x000000008cf00000, 0x000000008cf00000, 0x000000008d000000|  0%| F|  |TS  0|AC  0|TAMS 0x000000008cf00000, 0x000000008cf00000|
| 100|0x000000008d000000, 0x000000008d000000, 0x000000008d100000|  0%| F|  |TS  0|AC  0|TAMS 0x000000008d000000, 0x000000008d000000|
| 101|0x000000008d100000, 0x000000008d100000, 0x000000008d200000|  0%| F|  |TS  0|AC  0|TAMS 0x000000008d100000, 0x000000008d100000|
| 102|0x000000008d200000, 0x000000008d200000, 0x000000008d300000|  0%| F|  |TS  0|AC  0|TAMS 0x000000008d200000, 0x000000008d200000|
| 103|0x000000008d300000, 0x000000008d300000, 0x000000008d400000|  0%| F|  |TS  0|AC  0|TAMS 0x000000008d300000, 0x000000008d300000|
| 104|0x000000008d400000, 0x000000008d400000, 0x000000008d500000|  0%| F|  |TS  0|AC  0|TAMS 0x000000008d400000, 0x000000008d400000|
| 105|0x000000008d500000, 0x000000008d500000, 0x000000008d600000|  0%| F|  |TS  0|AC  0|TAMS 0x000000008d500000, 0x000000008d500000|
| 106|0x000000008d600000, 0x000000008d600000, 0x000000008d700000|  0%| F|  |TS  0|AC  0|TAMS 0x000000008d600000, 0x000000008d600000|
| 107|0x000000008d700000, 0x000000008d700000, 0x000000008d800000|  0%| F|  |TS  0|AC  0|TAMS 0x000000008d700000, 0x000000008d700000|
| 108|0x000000008d800000, 0x000000008d800000, 0x000000008d900000|  0%| F|  |TS  0|AC  0|TAMS 0x000000008d800000, 0x000000008d800000|
| 109|0x000000008d900000, 0x000000008d900000, 0x000000008da00000|  0%| F|  |TS  0|AC  0|TAMS 0x000000008d900000, 0x000000008d900000|
| 110|0x000000008da00000, 0x000000008da00000, 0x000000008db00000|  0%| F|  |TS  0|AC  0|TAMS 0x000000008da00000, 0x000000008da00000|
| 111|0x000000008db00000, 0x000000008db00000, 0x000000008dc00000|  0%| F|  |TS  0|AC  0|TAMS 0x000000008db00000, 0x000000008db00000|
| 112|0x000000008dc00000, 0x000000008dc00000, 0x000000008dd00000|  0%| F|  |TS  0|AC  0|TAMS 0x000000008dc00000, 0x000000008dc00000|
| 113|0x000000008dd00000, 0x000000008dd00000, 0x000000008de00000|  0%| F|  |TS  0|AC  0|TAMS 0x000000008dd00000, 0x000000008dd00000|
| 114|0x000000008de00000, 0x000000008de00000, 0x000000008df00000|  0%| F|  |TS  0|AC  0|TAMS 0x000000008de00000, 0x000000008de00000|
| 115|0x000000008df00000, 0x000000008df00000, 0x000000008e000000|  0%| F|  |TS  0|AC  0|TAMS 0x000000008df00000, 0x000000008df00000|
| 116|0x000000008e000000, 0x000000008e000000, 0x000000008e100000|  0%| F|  |TS  0|AC  0|TAMS 0x000000008e000000, 0x000000008e000000|
| 117|0x000000008e100000, 0x000000008e100000, 0x000000008e200000|  0%| F|  |TS  0|AC  0|TAMS 0x000000008e100000, 0x000000008e100000|
| 118|0x000000008e200000, 0x000000008e200000, 0x000000008e300000|  0%| F|  |TS  0|AC  0|TAMS 0x000000008e200000, 0x000000008e200000|
| 119|0x000000008e300000, 0x000000008e37b7a0, 0x000000008e400000| 48%| E|  |TS  0|AC  0|TAMS 0x000000008e300000, 0x000000008e300000|
| 120|0x000000008e400000, 0x000000008e500000, 0x000000008e500000|100%| E|CS|TS  0|AC  0|TAMS 0x000000008e400000, 0x000000008e400000|
| 121|0x000000008e500000, 0x000000008e600000, 0x000000008e600000|100%| E|CS|TS  0|AC  0|TAMS 0x000000008e500000, 0x000000008e500000|

Card table byte_map: [0x00000188f2960000,0x00000188f2d30000] byte_map_base: 0x00000188f252a000

Marking Bits (Prev, Next): (CMBitMap*) 0x00000188d7f81bf0, (CMBitMap*) 0x00000188d7f81c28
 Prev Bits: [0x00000188f3100000, 0x00000188f4f50000)
 Next Bits: [0x00000188f4f50000, 0x00000188f6da0000)

Polling page: 0x00000188d5d20000

CodeHeap 'non-profiled nmethods': size=120000Kb used=31Kb max_used=31Kb free=119968Kb
 bounds [0x00000188ead30000, 0x00000188eafa0000, 0x00000188f2260000]
CodeHeap 'profiled nmethods': size=120000Kb used=150Kb max_used=150Kb free=119849Kb
 bounds [0x00000188e3800000, 0x00000188e3a70000, 0x00000188ead30000]
CodeHeap 'non-nmethods': size=5760Kb used=1069Kb max_used=1074Kb free=4690Kb
 bounds [0x00000188e3260000, 0x00000188e34d0000, 0x00000188e3800000]
 total_blobs=408 nmethods=111 adapters=158
 compilation: enabled

Compilation events (10 events):
Event: 0.151 Thread 0x00000188fa0e5800  108       3       sun.nio.fs.WindowsPathParser::isSlash (18 bytes)
Event: 0.151 Thread 0x00000188fa0e5800 nmethod 108 0x00000188e3823b90 code [0x00000188e3823d40, 0x00000188e3823f18]
Event: 0.151 Thread 0x00000188fa0e5800  109       3       sun.nio.fs.WindowsPathParser::isInvalidPathChar (22 bytes)
Event: 0.152 Thread 0x00000188fa0e5800 nmethod 109 0x00000188e3823f90 code [0x00000188e3824180, 0x00000188e3824530]
Event: 0.152 Thread 0x00000188fa0e5800  110       3       java.lang.String::toCharArray (25 bytes)
Event: 0.153 Thread 0x00000188fa0e5800 nmethod 110 0x00000188e3824690 code [0x00000188e3824880, 0x00000188e3824da0]
Event: 0.153 Thread 0x00000188fa0e5800  111       3       java.lang.AbstractStringBuilder::putStringAt (29 bytes)
Event: 0.153 Thread 0x00000188fa0e5800 nmethod 111 0x00000188e3824f90 code [0x00000188e3825180, 0x00000188e38254e0]
Event: 0.153 Thread 0x00000188fa0e5800  112       3       java.lang.AbstractStringBuilder::getCoder (15 bytes)
Event: 0.154 Thread 0x00000188fa0e5800 nmethod 112 0x00000188e3825610 code [0x00000188e38257c0, 0x00000188e3825938]

GC Heap History (0 events):
No events

Deoptimization events (1 events):
Event: 0.129 Thread 0x00000188d7edf000 Uncommon trap: reason=unstable_if action=reinterpret pc=0x00000188ead343a8 method=java.lang.String.hashCode()I @ 14 c2

Classes redefined (4 events):
Event: 19.125 Thread 0x00000188f97f0000 redefined class name=circuitSolver.Result, count=1
Event: 19.125 Thread 0x00000188f97f0000 redefined class name=circuitSolver.TableChange, count=1
Event: 128.154 Thread 0x00000188f97f0000 redefined class name=circuitSolver.Result, count=2
Event: 128.154 Thread 0x00000188f97f0000 redefined class name=circuitSolver.TableChange, count=2

Internal exceptions (0 events):
No events

Events (10 events):
Event: 128.190 Executing VM operation: GetFrameLocation done
Event: 128.190 Executing VM operation: GetFrameLocation
Event: 128.190 Executing VM operation: GetFrameLocation done
Event: 128.190 Executing VM operation: GetFrameLocation
Event: 128.190 Executing VM operation: GetFrameLocation done
Event: 128.190 Executing VM operation: GetFrameLocation
Event: 128.190 Executing VM operation: GetFrameLocation done
Event: 128.190 Executing VM operation: GetFrameLocation
Event: 128.190 Executing VM operation: GetFrameLocation done
Event: 128.614 Executing VM operation: GetOrSetLocal


Dynamic libraries:
0x00007ff6b7aa0000 - 0x00007ff6b7ade000 	C:\Program Files\Java\jdk-10.0.2\bin\java.exe
0x00007ff9c06a0000 - 0x00007ff9c088d000 	C:\WINDOWS\SYSTEM32\ntdll.dll
0x00007ff9be7a0000 - 0x00007ff9be852000 	C:\WINDOWS\System32\KERNEL32.DLL
0x00007ff9bd720000 - 0x00007ff9bd9b6000 	C:\WINDOWS\System32\KERNELBASE.dll
0x00007ff9b7c90000 - 0x00007ff9b7d1b000 	C:\WINDOWS\SYSTEM32\apphelp.dll
0x00007ff9bf1e0000 - 0x00007ff9bf283000 	C:\WINDOWS\System32\ADVAPI32.dll
0x00007ff9beb80000 - 0x00007ff9bec1e000 	C:\WINDOWS\System32\msvcrt.dll
0x00007ff9bfee0000 - 0x00007ff9bff76000 	C:\WINDOWS\System32\sechost.dll
0x00007ff9bea50000 - 0x00007ff9beb6f000 	C:\WINDOWS\System32\RPCRT4.dll
0x00007ff9bf2a0000 - 0x00007ff9bf437000 	C:\WINDOWS\System32\USER32.dll
0x00007ff9bd6f0000 - 0x00007ff9bd711000 	C:\WINDOWS\System32\win32u.dll
0x00007ff9bf750000 - 0x00007ff9bf779000 	C:\WINDOWS\System32\GDI32.dll
0x00007ff9be1b0000 - 0x00007ff9be347000 	C:\WINDOWS\System32\gdi32full.dll
0x00007ff9be680000 - 0x00007ff9be71e000 	C:\WINDOWS\System32\msvcp_win.dll
0x00007ff9be350000 - 0x00007ff9be44a000 	C:\WINDOWS\System32\ucrtbase.dll
0x00007ff9a7bd0000 - 0x00007ff9a7e48000 	C:\WINDOWS\WinSxS\amd64_microsoft.windows.common-controls_6595b64144ccf1df_6.0.18290.1000_none_9b150889b5f29e29\COMCTL32.dll
0x00007ff9b7d20000 - 0x00007ff9b7d2a000 	C:\WINDOWS\SYSTEM32\VERSION.dll
0x00007ff9c0310000 - 0x00007ff9c0641000 	C:\WINDOWS\System32\combase.dll
0x00007ff9bd670000 - 0x00007ff9bd6ef000 	C:\WINDOWS\System32\bcryptPrimitives.dll
0x00007ff9be770000 - 0x00007ff9be79e000 	C:\WINDOWS\System32\IMM32.DLL
0x00007ff99d0d0000 - 0x00007ff99d1bf000 	C:\Program Files\Java\jdk-10.0.2\bin\msvcr120.dll
0x00007ff99d020000 - 0x00007ff99d0c6000 	C:\Program Files\Java\jdk-10.0.2\bin\msvcp120.dll
0x000000005e430000 - 0x000000005eea0000 	C:\Program Files\Java\jdk-10.0.2\bin\server\jvm.dll
0x00007ff9c0120000 - 0x00007ff9c0128000 	C:\WINDOWS\System32\PSAPI.DLL
0x00007ff9a7880000 - 0x00007ff9a7889000 	C:\WINDOWS\SYSTEM32\WSOCK32.dll
0x00007ff9aa920000 - 0x00007ff9aa944000 	C:\WINDOWS\SYSTEM32\WINMM.dll
0x00007ff9bffe0000 - 0x00007ff9c004f000 	C:\WINDOWS\System32\WS2_32.dll
0x00007ff9aa6e0000 - 0x00007ff9aa70d000 	C:\WINDOWS\SYSTEM32\WINMMBASE.dll
0x00007ff9be720000 - 0x00007ff9be76a000 	C:\WINDOWS\System32\cfgmgr32.dll
0x00007ff9b0920000 - 0x00007ff9b092f000 	C:\Program Files\Java\jdk-10.0.2\bin\verify.dll
0x00007ff9bbdf0000 - 0x00007ff9bbfde000 	C:\WINDOWS\SYSTEM32\DBGHELP.DLL
0x00007ff9b1c90000 - 0x00007ff9b1cba000 	C:\WINDOWS\SYSTEM32\dbgcore.DLL
0x00007ff9a7fc0000 - 0x00007ff9a7fe7000 	C:\Program Files\Java\jdk-10.0.2\bin\java.dll
0x00007ff9ad060000 - 0x00007ff9ad096000 	C:\Program Files\Java\jdk-10.0.2\bin\jdwp.dll
0x00007ff9a8580000 - 0x00007ff9a8596000 	C:\Program Files\Java\jdk-10.0.2\bin\zip.dll
0x00007ff9b08c0000 - 0x00007ff9b08ca000 	C:\Program Files\Java\jdk-10.0.2\bin\jimage.dll
0x00007ff9bf780000 - 0x00007ff9bfe58000 	C:\WINDOWS\System32\SHELL32.dll
0x00007ff9bf440000 - 0x00007ff9bf4e9000 	C:\WINDOWS\System32\shcore.dll
0x00007ff9bd9c0000 - 0x00007ff9be123000 	C:\WINDOWS\System32\windows.storage.dll
0x00007ff9bd5c0000 - 0x00007ff9bd5e4000 	C:\WINDOWS\System32\profapi.dll
0x00007ff9bd610000 - 0x00007ff9bd66d000 	C:\WINDOWS\System32\powrprof.dll
0x00007ff9bd590000 - 0x00007ff9bd59f000 	C:\WINDOWS\System32\UMPDC.dll
0x00007ff9bff80000 - 0x00007ff9bffd2000 	C:\WINDOWS\System32\shlwapi.dll
0x00007ff9bd5a0000 - 0x00007ff9bd5b1000 	C:\WINDOWS\System32\kernel.appcore.dll
0x00007ff9be130000 - 0x00007ff9be147000 	C:\WINDOWS\System32\cryptsp.dll
0x00007ff9b6700000 - 0x00007ff9b670a000 	C:\Program Files\Java\jdk-10.0.2\bin\dt_socket.dll
0x00007ff9bce10000 - 0x00007ff9bce77000 	C:\WINDOWS\System32\mswsock.dll
0x00007ff9bcbb0000 - 0x00007ff9bcc7b000 	C:\WINDOWS\SYSTEM32\DNSAPI.dll
0x00007ff9beb70000 - 0x00007ff9beb78000 	C:\WINDOWS\System32\NSI.dll
0x00007ff9bcb70000 - 0x00007ff9bcbaa000 	C:\WINDOWS\SYSTEM32\IPHLPAPI.DLL
0x00007ff9ab840000 - 0x00007ff9ab8b7000 	C:\WINDOWS\System32\fwpuclnt.dll
0x00007ff9be450000 - 0x00007ff9be476000 	C:\WINDOWS\System32\bcrypt.dll
0x00007ff9aad00000 - 0x00007ff9aad0a000 	C:\Windows\System32\rasadhlp.dll

dbghelp: loaded successfully - version: 4.0.5 - missing functions: none
symbol engine: initialized successfully - sym options: 0x614 - pdb path: .;C:\Program Files\Java\jdk-10.0.2\bin;C:\WINDOWS\SYSTEM32;C:\WINDOWS\WinSxS\amd64_microsoft.windows.common-controls_6595b64144ccf1df_6.0.18290.1000_none_9b150889b5f29e29;C:\Program Files\Java\jdk-10.0.2\bin\server

VM Arguments:
jvm_args: -Xdebug -Xnoagent -Djava.compiler=NONE -Xrunjdwp:transport=dt_socket,address=localhost:11113,server=n,suspend=y -Dfile.encoding=UTF-8 
java_command: circuitSolver.CircuitDriver
java_class_path (initial): E:\OneDrive - Queen Mary, University of London\Project\ZHANGFEI\Zhangfei\bin
Launcher Type: SUN_STANDARD

Logging:
Log output configuration:
#0: stdout all=warning uptime,level,tags
#1: stderr all=off uptime,level,tags

Environment Variables:
JAVA_HOME=C:\Program Files\Java\jdk1.8.0_181
PATH=C:\Program Files (x86)\Common Files\Oracle\Java\javapath;C:\Program Files (x86)\Intel\Intel(R) Management Engine Components\iCLS\;C:\Program Files\Intel\Intel(R) Management Engine Components\iCLS\;.;C:\Program Files\Java\jdk1.8.0_181\bin;C:\Program Files\Pandoc\;C:\Program Files (x86)\Intel\Intel(R) Management Engine Components\DAL;C:\Program Files\Intel\Intel(R) Management Engine Components\DAL;C:\Program Files (x86)\Intel\Intel(R) Management Engine Components\IPT;C:\Program Files\Intel\Intel(R) Management Engine Components\IPT;C:\Program Files\MySQL\MySQL Server 5.5\bin;C:\WINDOWS\system32;C:\WINDOWS;C:\WINDOWS\System32\Wbem;C:\WINDOWS\System32\WindowsPowerShell\v1.0\;C:\WINDOWS\System32\OpenSSH\;C:\Program Files\ADB;C:\Program Files\Intel\WiFi\bin\;C:\Program Files\Common Files\Intel\WirelessCommon\;C:\Users\DELL\AppData\Local\Microsoft\WindowsApps;C:\Users\DELL\AppData\Local\GitHubDesktop\bin;C:\Program Files\Microsoft VS Code\bin;C:\Users\DELL\AppData\Roaming\npm;c:\windows\system32\;C:\Users\DELL\AppData\Local\Microsoft\WindowsApps;C:\Users\DELL\AppData\Local\Programs\Python\Python35\;C:\Users\DELL\AppData\Local\Programs\Python\Python35\Scripts\;C:\Program Files\python;C:\Users\DELL\AppData\Roaming\Python\Python37\Scripts
USERNAME=Zolar's Windows
OS=Windows_NT
PROCESSOR_IDENTIFIER=Intel64 Family 6 Model 158 Stepping 9, GenuineIntel



---------------  S Y S T E M  ---------------

OS: Windows 10 , 64 bit Build 18290 (10.0.18290.1000)

CPU:total 8 (initial active 8) (4 cores per cpu, 2 threads per core) family 6 model 158 stepping 9, cmov, cx8, fxsr, mmx, sse, sse2, sse3, ssse3, sse4.1, sse4.2, popcnt, avx, avx2, aes, clmul, erms, rtm, 3dnowpref, lzcnt, ht, tsc, tscinvbit, bmi1, bmi2, adx, fma

Memory: 4k page, physical 7945956k(2110448k free), swap 11023188k(2033000k free)

vm_info: Java HotSpot(TM) 64-Bit Server VM (10.0.2+13) for windows-amd64 JRE (10.0.2+13), built on Jun 28 2018 01:57:56 by "mach5one" with MS VC++ 12.0 (VS2013)

END.
